2020-05-12 16:28:27.446  INFO 1792 --- [main] u.l.l.S.SelectionCommitteeApplication    : Starting SelectionCommitteeApplication on DESKTOP-PBMR6VK with PID 1792 (F:\Проект\Java_Advance_Project\SelectionCommittee\target\classes started by Admin in F:\Проект\Java_Advance_Project\SelectionCommittee)
2020-05-12 16:28:27.450  INFO 1792 --- [main] u.l.l.S.SelectionCommitteeApplication    : No active profile set, falling back to default profiles: default
2020-05-12 16:28:28.233  INFO 1792 --- [main] .s.d.r.c.RepositoryConfigurationDelegate : Bootstrapping Spring Data JPA repositories in DEFAULT mode.
2020-05-12 16:28:28.279  INFO 1792 --- [main] .s.d.r.c.RepositoryConfigurationDelegate : Finished Spring Data repository scanning in 24ms. Found 0 JPA repository interfaces.
2020-05-12 16:28:29.105  INFO 1792 --- [main] o.s.b.w.embedded.tomcat.TomcatWebServer  : Tomcat initialized with port(s): 8080 (http)
2020-05-12 16:28:29.119  INFO 1792 --- [main] o.apache.catalina.core.StandardService   : Starting service [Tomcat]
2020-05-12 16:28:29.119  INFO 1792 --- [main] org.apache.catalina.core.StandardEngine  : Starting Servlet engine: [Apache Tomcat/9.0.33]
2020-05-12 16:28:29.444  INFO 1792 --- [main] org.apache.jasper.servlet.TldScanner     : At least one JAR was scanned for TLDs yet contained no TLDs. Enable debug logging for this logger for a complete list of JARs that were scanned but no TLDs were found in them. Skipping unneeded JARs during scanning can improve startup time and JSP compilation time.
2020-05-12 16:28:29.451  INFO 1792 --- [main] o.a.c.c.C.[Tomcat].[localhost].[/]       : Initializing Spring embedded WebApplicationContext
2020-05-12 16:28:29.673  INFO 1792 --- [main] o.hibernate.jpa.internal.util.LogHelper  : HHH000204: Processing PersistenceUnitInfo [name: default]
2020-05-12 16:28:29.836  INFO 1792 --- [main] org.hibernate.Version                    : HHH000412: Hibernate ORM core version 5.4.12.Final
2020-05-12 16:28:30.032  INFO 1792 --- [main] o.hibernate.annotations.common.Version   : HCANN000001: Hibernate Commons Annotations {5.1.0.Final}
2020-05-12 16:28:30.150  INFO 1792 --- [main] com.zaxxer.hikari.HikariDataSource       : HikariPool-1 - Starting...
2020-05-12 16:28:30.640  INFO 1792 --- [main] com.zaxxer.hikari.HikariDataSource       : HikariPool-1 - Start completed.
2020-05-12 16:28:30.665  INFO 1792 --- [main] org.hibernate.dialect.Dialect            : HHH000400: Using dialect: org.hibernate.dialect.MySQL8Dialect
2020-05-12 16:28:31.087  INFO 1792 --- [main] o.h.e.t.j.p.i.JtaPlatformInitiator       : HHH000490: Using JtaPlatform implementation: [org.hibernate.engine.transaction.jta.platform.internal.NoJtaPlatform]
2020-05-12 16:28:31.095  INFO 1792 --- [main] j.LocalContainerEntityManagerFactoryBean : Initialized JPA EntityManagerFactory for persistence unit 'default'
2020-05-12 16:28:31.156  WARN 1792 --- [main] JpaBaseConfiguration$JpaWebConfiguration : spring.jpa.open-in-view is enabled by default. Therefore, database queries may be performed during view rendering. Explicitly configure spring.jpa.open-in-view to disable this warning
2020-05-12 16:28:31.316  INFO 1792 --- [main] o.s.s.concurrent.ThreadPoolTaskExecutor  : Initializing ExecutorService 'applicationTaskExecutor'
2020-05-12 16:28:31.601  INFO 1792 --- [main] .s.s.UserDetailsServiceAutoConfiguration : 

Using generated security password: 1f5be785-d717-403b-adf8-75f3d9797b4d

2020-05-12 16:28:31.756  INFO 1792 --- [main] o.s.s.web.DefaultSecurityFilterChain     : Creating filter chain: any request, [org.springframework.security.web.context.request.async.WebAsyncManagerIntegrationFilter@5a4d4f9c, org.springframework.security.web.context.SecurityContextPersistenceFilter@411fa0ce, org.springframework.security.web.header.HeaderWriterFilter@46394f65, org.springframework.security.web.csrf.CsrfFilter@6a1568d6, org.springframework.security.web.authentication.logout.LogoutFilter@6af65f29, org.springframework.security.web.authentication.UsernamePasswordAuthenticationFilter@447fa959, org.springframework.security.web.authentication.ui.DefaultLoginPageGeneratingFilter@4fb64e14, org.springframework.security.web.authentication.ui.DefaultLogoutPageGeneratingFilter@153d6d74, org.springframework.security.web.authentication.www.BasicAuthenticationFilter@5b1c32e4, org.springframework.security.web.savedrequest.RequestCacheAwareFilter@78e68401, org.springframework.security.web.servletapi.SecurityContextHolderAwareRequestFilter@76cdafa3, org.springframework.security.web.authentication.AnonymousAuthenticationFilter@6c9b44bf, org.springframework.security.web.session.SessionManagementFilter@26be9a6, org.springframework.security.web.access.ExceptionTranslationFilter@2fd39436, org.springframework.security.web.access.intercept.FilterSecurityInterceptor@183fc2fa]
2020-05-12 16:28:31.869  INFO 1792 --- [main] o.s.b.w.embedded.tomcat.TomcatWebServer  : Tomcat started on port(s): 8080 (http) with context path ''
2020-05-12 16:28:31.872  INFO 1792 --- [main] u.l.l.S.SelectionCommitteeApplication    : Started SelectionCommitteeApplication in 4.954 seconds (JVM running for 5.488)
